Arguments: 
  C:\Program Files\nodejs\node.exe C:\Program Files\nodejs\node_modules\yarn\bin\yarn.js

PATH: 
  C:\WINDOWS\system32;C:\WINDOWS;C:\WINDOWS\System32\Wbem;C:\WINDOWS\System32\WindowsPowerShell\v1.0\;C:\Users\nelson\AppData\Roaming\nvm;C:\Program Files\nodejs;C:\Program Files\Git\cmd;C:\wamp64\bin\php\php5.6.25\;C:\ProgramData\ComposerSetup\bin;C:\Python27;C:\Program Files (x86)\Windows Kits\8.1\Windows Performance Toolkit\;C:\Users\nelson\AppData\Local\Microsoft\WindowsApps;C:\Users\nelson\AppData\Roaming\nvm;C:\Program Files\nodejs;C:\Users\nelson\AppData\Roaming\Composer\vendor\bin;;C:\Program Files\Microsoft VS Code\bin

Yarn version: 
  0.24.5

Node version: 
  7.0.0

Platform: 
  win32 x64

npm manifest: 
  {
    "private": true,
    "engines": {
      "node": ">=7.0.0"
    },
    "scripts": {
      "postinstall": "bower i --config.interactive=false",
      "postupdate": "bower update --config.interactive=false",
      "test": "gulp test"
    },
    "devDependencies": {
      "babel-core": "^6.4.0",
      "babel-preset-es2015": "^6.3.13",
      "browser-sync": "^2.2.1",
      "del": "^1.1.1",
      "express": "^4.15.3",
      "gulp": "^3.9.0",
      "gulp-autoprefixer": "^3.0.1",
      "gulp-babel": "^6.1.1",
      "gulp-cache": "^0.2.8",
      "gulp-cssnano": "^2.0.0",
      "gulp-debug": "^3.1.0",
      "gulp-embed": "^1.1.1",
      "gulp-eslint": "^0.13.2",
      "gulp-htmlmin": "^1.3.0",
      "gulp-if": "2.0.2",
      "gulp-ignore": "^2.0.2",
      "gulp-imagemin": "3.3.0",
      "gulp-load-plugins": "^0.10.0",
      "gulp-nodemon": "^2.2.1",
      "gulp-plumber": "^1.0.1",
      "gulp-rev": "^7.1.2",
      "gulp-sass": "^2.0.0",
      "gulp-size": "^1.2.1",
      "gulp-sourcemaps": "^1.5.0",
      "gulp-uglify": "^1.1.0",
      "gulp-unique-files": "^0.1.2",
      "gulp-useref": "^3.0.0",
      "main-bower-files": "^2.5.0",
      "node-sass": "^4.5.3",
      "open-graph-scraper": "^2.5.3",
      "wiredep": "^2.2.2"
    },
    "eslintConfig": {
      "env": {
        "es6": true,
        "node": true,
        "browser": true
      },
      "rules": {
        "quotes": [
          2,
          "single"
        ]
      }
    },
    "dependencies": {
      "babel-register": "^6.11.6",
      "cors": "^2.8.3",
      "gulp-bom": "^1.0.0",
      "gulp-css-base64": "^1.3.4",
      "gulp-debug": "^3.1.0",
      "gulp-file-include": "^1.1.0",
      "gulp-if": "^2.0.2",
      "gulp-imagemin": "^3.3.0",
      "gulp-inline": "^0.1.3",
      "gulp-path": "^3.0.3",
      "gulp-rename": "^1.2.2",
      "gulp-replace": "^0.6.1",
      "gulp-replace-name": "^1.0.1",
      "gulp-tinypng": "^1.0.2",
      "gulp-util": "^3.0.8",
      "request": "^2.81.0",
      "useref": "^1.2.0"
    }
  }

yarn manifest: 
  No manifest

Lockfile: 
  No lockfile

Trace: 
  Error: ENOENT: no such file or directory, open 'C:\Users\nelson\AppData\Local\Yarn\cache\v1\npm-uws-9.14.0-fac8386befc33a7a3705cbd58dc47b430ca4dd95\.yarn-metadata.json'
